<?xml version="1.0" encoding="UTF-8"?>
<!-- Generated by org.testng.reporters.JUnitXMLReporter -->
<testsuite hostname="ASDA1708PO02529" tests="5" failures="0" timestamp="2 Jul 2018 11:08:54 GMT" time="3.726" errors="0">
  <testcase name="test001_basicCource" time="0.161" classname="AdvanceTatoc"/>
  <testcase name="test002_menu_items" time="0.188" classname="AdvanceTatoc"/>
  <testcase name="test003_database_entry" time="0.779" classname="AdvanceTatoc"/>
  <testcase name="test004_rest_Service" time="0.213" classname="AdvanceTatoc"/>
  <testcase name="test005_fileHandling" time="2.361" classname="AdvanceTatoc"/>
</testsuite>
