<?xml version="1.0" encoding="UTF-8"?>
<testng-results skipped="0" failed="0" total="5" passed="5">
  <reporter-output>
  </reporter-output>
  <suite name="Default suite" duration-ms="3726" started-at="2018-07-02T11:08:51Z" finished-at="2018-07-02T11:08:54Z">
    <groups>
    </groups>
    <test name="Default test" duration-ms="3726" started-at="2018-07-02T11:08:51Z" finished-at="2018-07-02T11:08:54Z">
      <class name="AdvanceTatoc">
        <test-method status="PASS" signature="test001_basicCource()[pri:0, instance:AdvanceTatoc@52f27fbd]" name="test001_basicCource" duration-ms="161" started-at="2018-07-02T16:38:51Z" finished-at="2018-07-02T16:38:51Z">
          <reporter-output>
          </reporter-output>
        </test-method> <!-- test001_basicCource -->
        <test-method status="PASS" signature="test002_menu_items()[pri:0, instance:AdvanceTatoc@52f27fbd]" name="test002_menu_items" duration-ms="188" started-at="2018-07-02T16:38:51Z" finished-at="2018-07-02T16:38:51Z">
          <reporter-output>
          </reporter-output>
        </test-method> <!-- test002_menu_items -->
        <test-method status="PASS" signature="test003_database_entry()[pri:0, instance:AdvanceTatoc@52f27fbd]" name="test003_database_entry" duration-ms="779" started-at="2018-07-02T16:38:51Z" finished-at="2018-07-02T16:38:52Z">
          <reporter-output>
          </reporter-output>
        </test-method> <!-- test003_database_entry -->
        <test-method status="PASS" signature="test004_rest_Service()[pri:0, instance:AdvanceTatoc@52f27fbd]" name="test004_rest_Service" duration-ms="213" started-at="2018-07-02T16:38:52Z" finished-at="2018-07-02T16:38:52Z">
          <reporter-output>
          </reporter-output>
        </test-method> <!-- test004_rest_Service -->
        <test-method status="PASS" signature="test005_fileHandling()[pri:0, instance:AdvanceTatoc@52f27fbd]" name="test005_fileHandling" duration-ms="2361" started-at="2018-07-02T16:38:52Z" finished-at="2018-07-02T16:38:54Z">
          <reporter-output>
          </reporter-output>
        </test-method> <!-- test005_fileHandling -->
      </class> <!-- AdvanceTatoc -->
    </test> <!-- Default test -->
  </suite> <!-- Default suite -->
</testng-results>
