<?xml version="1.0" encoding="UTF-8"?>
<!-- Generated by org.testng.reporters.JUnitXMLReporter -->
<testsuite hostname="ASDA1708PO02529" tests="6" failures="0" timestamp="5 Jul 2018 07:51:06 GMT" time="7.215" errors="0">
  <testcase name="test001_Browser_Launch" time="2.302" classname="AllTestAdvanceTatoc"/>
  <testcase name="test002_AvanceCource" time="0.132" classname="AllTestAdvanceTatoc"/>
  <testcase name="test003_menu_items" time="0.197" classname="AllTestAdvanceTatoc"/>
  <testcase name="test004_database_entry" time="0.999" classname="AllTestAdvanceTatoc"/>
  <testcase name="test005_rest_Service" time="1.231" classname="AllTestAdvanceTatoc"/>
  <testcase name="test006_fileHandling" time="2.33" classname="AllTestAdvanceTatoc"/>
</testsuite>
