<?xml version="1.0" encoding="UTF-8"?>
<testng-results skipped="0" failed="0" total="6" passed="6">
  <reporter-output>
    <line>
      <![CDATA[Application Lauched successfully | ]]>
    </line>
    <line>
      <![CDATA[Application Lauched successfully | ]]>
    </line>
    <line>
      <![CDATA[Application Lauched successfully | ]]>
    </line>
    <line>
      <![CDATA[Application Lauched successfully | ]]>
    </line>
    <line>
      <![CDATA[Application Lauched successfully | ]]>
    </line>
    <line>
      <![CDATA[Application Lauched successfully | ]]>
    </line>
  </reporter-output>
  <suite name="Default suite" duration-ms="7215" started-at="2018-07-05T07:50:59Z" finished-at="2018-07-05T07:51:06Z">
    <groups>
    </groups>
    <test name="Default test" duration-ms="7215" started-at="2018-07-05T07:50:59Z" finished-at="2018-07-05T07:51:06Z">
      <class name="AllTestAdvanceTatoc">
        <test-method status="PASS" signature="test001_Browser_Launch()[pri:0, instance:AllTestAdvanceTatoc@4f933fd1]" name="test001_Browser_Launch" duration-ms="2302" started-at="2018-07-05T13:20:59Z" finished-at="2018-07-05T13:21:01Z">
          <reporter-output>
            <line>
              <![CDATA[Application Lauched successfully | ]]>
            </line>
          </reporter-output>
        </test-method> <!-- test001_Browser_Launch -->
        <test-method status="PASS" signature="test002_AvanceCource()[pri:0, instance:AllTestAdvanceTatoc@4f933fd1]" name="test002_AvanceCource" duration-ms="132" started-at="2018-07-05T13:21:01Z" finished-at="2018-07-05T13:21:02Z">
          <reporter-output>
            <line>
              <![CDATA[Application Lauched successfully | ]]>
            </line>
          </reporter-output>
        </test-method> <!-- test002_AvanceCource -->
        <test-method status="PASS" signature="test003_menu_items()[pri:0, instance:AllTestAdvanceTatoc@4f933fd1]" name="test003_menu_items" duration-ms="197" started-at="2018-07-05T13:21:02Z" finished-at="2018-07-05T13:21:02Z">
          <reporter-output>
            <line>
              <![CDATA[Application Lauched successfully | ]]>
            </line>
          </reporter-output>
        </test-method> <!-- test003_menu_items -->
        <test-method status="PASS" signature="test004_database_entry()[pri:0, instance:AllTestAdvanceTatoc@4f933fd1]" name="test004_database_entry" duration-ms="999" started-at="2018-07-05T13:21:02Z" finished-at="2018-07-05T13:21:03Z">
          <reporter-output>
            <line>
              <![CDATA[Application Lauched successfully | ]]>
            </line>
          </reporter-output>
        </test-method> <!-- test004_database_entry -->
        <test-method status="PASS" signature="test005_rest_Service()[pri:0, instance:AllTestAdvanceTatoc@4f933fd1]" name="test005_rest_Service" duration-ms="1231" started-at="2018-07-05T13:21:03Z" finished-at="2018-07-05T13:21:04Z">
          <reporter-output>
            <line>
              <![CDATA[Application Lauched successfully | ]]>
            </line>
          </reporter-output>
        </test-method> <!-- test005_rest_Service -->
        <test-method status="PASS" signature="test006_fileHandling()[pri:0, instance:AllTestAdvanceTatoc@4f933fd1]" name="test006_fileHandling" duration-ms="2330" started-at="2018-07-05T13:21:04Z" finished-at="2018-07-05T13:21:06Z">
          <reporter-output>
            <line>
              <![CDATA[Application Lauched successfully | ]]>
            </line>
          </reporter-output>
        </test-method> <!-- test006_fileHandling -->
      </class> <!-- AllTestAdvanceTatoc -->
    </test> <!-- Default test -->
  </suite> <!-- Default suite -->
</testng-results>
